# JRE version: Java(TM) SE Runtime Environment (21.0.3+7) (build 21.0.3+7-LTS-152)
# Java VM: Java HotSpot(TM) 64-Bit Server VM (21.0.3+7-LTS-152, mixed mode, sharing, tiered, compressed oops, compressed class ptrs, g1 gc, windows-amd64)
GC Precious Log:
 CardTable entry size: 512
 Card Set container configuration: InlinePtr #cards 5 size 8 Array Of Cards #cards 12 size 40 Howl #buckets 4 coarsen threshold 1843 Howl Bitmap #cards 512 size 80 coarsen threshold 460 Card regions per heap region 1 cards per card region 2048
 CPUs: 12 total, 12 available
 Memory: 7599M
 Large Page Support: Disabled
 NUMA Support: Disabled
 Compressed Oops: Enabled (32-bit)
 Heap Region Size: 1M
 Heap Min Capacity: 8M
 Heap Initial Capacity: 120M
 Heap Max Capacity: 1900M
 Pre-touch: Disabled
 Parallel Workers: 10
 Concurrent Workers: 3
 Concurrent Refinement Workers: 10
 Periodic GC: Disabled
Heap:
 garbage-first heap   total 242688K, used 91976K [0x0000000089400000, 0x0000000100000000)
  region size 1024K, 27 young (27648K), 12 survivors (12288K)
 Metaspace       used 79670K, committed 80384K, reserved 1179648K
  class space    used 10751K, committed 11072K, reserved 1048576K
GC Heap History (20 events):
Event: 13.697 GC heap before
{Heap before GC invocations=20 (full 0):
 garbage-first heap   total 66560K, used 58347K [0x0000000089400000, 0x0000000100000000)
  region size 1024K, 25 young (25600K), 2 survivors (2048K)
 Metaspace       used 68247K, committed 68928K, reserved 1114112K
  class space    used 9073K, committed 9408K, reserved 1048576K
}
Event: 13.703 GC heap after
{Heap after GC invocations=21 (full 0):
 garbage-first heap   total 66560K, used 38007K [0x0000000089400000, 0x0000000100000000)
  region size 1024K, 4 young (4096K), 4 survivors (4096K)
 Metaspace       used 68247K, committed 68928K, reserved 1114112K
  class space    used 9073K, committed 9408K, reserved 1048576K
}
Event: 14.768 GC heap before
{Heap before GC invocations=22 (full 0):
 garbage-first heap   total 73728K, used 55415K [0x0000000089400000, 0x0000000100000000)
  region size 1024K, 22 young (22528K), 4 survivors (4096K)
 Metaspace       used 70358K, committed 71104K, reserved 1114112K
  class space    used 9297K, committed 9664K, reserved 1048576K
}
Event: 14.774 GC heap after
{Heap after GC invocations=23 (full 0):
 garbage-first heap   total 73728K, used 39216K [0x0000000089400000, 0x0000000100000000)
  region size 1024K, 2 young (2048K), 2 survivors (2048K)
 Metaspace       used 70358K, committed 71104K, reserved 1114112K
  class space    used 9297K, committed 9664K, reserved 1048576K
}
Event: 15.572 GC heap before
{Heap before GC invocations=23 (full 0):
 garbage-first heap   total 73728K, used 64816K [0x0000000089400000, 0x0000000100000000)
  region size 1024K, 28 young (28672K), 2 survivors (2048K)
 Metaspace       used 74431K, committed 75136K, reserved 1179648K
  class space    used 9931K, committed 10240K, reserved 1048576K
}
Event: 15.579 GC heap after
{Heap after GC invocations=24 (full 0):
 garbage-first heap   total 89088K, used 41755K [0x0000000089400000, 0x0000000100000000)
  region size 1024K, 4 young (4096K), 4 survivors (4096K)
 Metaspace       used 74431K, committed 75136K, reserved 1179648K
  class space    used 9931K, committed 10240K, reserved 1048576K
}
Event: 16.121 GC heap before
{Heap before GC invocations=24 (full 0):
 garbage-first heap   total 89088K, used 79643K [0x0000000089400000, 0x0000000100000000)
  region size 1024K, 41 young (41984K), 4 survivors (4096K)
 Metaspace       used 77256K, committed 78016K, reserved 1179648K
  class space    used 10533K, committed 10880K, reserved 1048576K
}
Event: 16.130 GC heap after
{Heap after GC invocations=25 (full 0):
 garbage-first heap   total 89088K, used 45843K [0x0000000089400000, 0x0000000100000000)
  region size 1024K, 6 young (6144K), 6 survivors (6144K)
 Metaspace       used 77256K, committed 78016K, reserved 1179648K
  class space    used 10533K, committed 10880K, reserved 1048576K
}
Event: 16.270 GC heap before
{Heap before GC invocations=25 (full 0):
 garbage-first heap   total 89088K, used 77587K [0x0000000089400000, 0x0000000100000000)
  region size 1024K, 37 young (37888K), 6 survivors (6144K)
 Metaspace       used 77298K, committed 78080K, reserved 1179648K
  class space    used 10536K, committed 10880K, reserved 1048576K
}
Event: 16.280 GC heap after
{Heap after GC invocations=26 (full 0):
 garbage-first heap   total 89088K, used 49954K [0x0000000089400000, 0x0000000100000000)
  region size 1024K, 4 young (4096K), 4 survivors (4096K)
 Metaspace       used 77298K, committed 78080K, reserved 1179648K
  class space    used 10536K, committed 10880K, reserved 1048576K
}
Event: 16.366 GC heap before
{Heap before GC invocations=26 (full 0):
 garbage-first heap   total 89088K, used 78626K [0x0000000089400000, 0x0000000100000000)
  region size 1024K, 32 young (32768K), 4 survivors (4096K)
 Metaspace       used 77298K, committed 78080K, reserved 1179648K
  class space    used 10536K, committed 10880K, reserved 1048576K
}
Event: 16.378 GC heap after
{Heap after GC invocations=27 (full 0):
 garbage-first heap   total 92160K, used 58945K [0x0000000089400000, 0x0000000100000000)
  region size 1024K, 4 young (4096K), 4 survivors (4096K)
 Metaspace       used 77298K, committed 78080K, reserved 1179648K
  class space    used 10536K, committed 10880K, reserved 1048576K
}
Event: 16.470 GC heap before
{Heap before GC invocations=28 (full 0):
 garbage-first heap   total 117760K, used 80449K [0x0000000089400000, 0x0000000100000000)
  region size 1024K, 25 young (25600K), 4 survivors (4096K)
 Metaspace       used 77298K, committed 78080K, reserved 1179648K
  class space    used 10536K, committed 10880K, reserved 1048576K
}
Event: 16.480 GC heap after
{Heap after GC invocations=29 (full 0):
 garbage-first heap   total 117760K, used 66369K [0x0000000089400000, 0x0000000100000000)
  region size 1024K, 4 young (4096K), 4 survivors (4096K)
 Metaspace       used 77298K, committed 78080K, reserved 1179648K
  class space    used 10536K, committed 10880K, reserved 1048576K
}
Event: 16.555 GC heap before
{Heap before GC invocations=29 (full 0):
 garbage-first heap   total 117760K, used 98113K [0x0000000089400000, 0x0000000100000000)
  region size 1024K, 35 young (35840K), 4 survivors (4096K)
 Metaspace       used 77343K, committed 78080K, reserved 1179648K
  class space    used 10553K, committed 10880K, reserved 1048576K
}
Event: 16.564 GC heap after
{Heap after GC invocations=30 (full 0):
 garbage-first heap   total 242688K, used 69034K [0x0000000089400000, 0x0000000100000000)
  region size 1024K, 3 young (3072K), 3 survivors (3072K)
 Metaspace       used 77343K, committed 78080K, reserved 1179648K
  class space    used 10553K, committed 10880K, reserved 1048576K
}
Event: 17.367 GC heap before
{Heap before GC invocations=30 (full 0):
 garbage-first heap   total 242688K, used 182698K [0x0000000089400000, 0x0000000100000000)
  region size 1024K, 114 young (116736K), 3 survivors (3072K)
 Metaspace       used 78455K, committed 79232K, reserved 1179648K
  class space    used 10661K, committed 11008K, reserved 1048576K
}
Event: 17.377 GC heap after
{Heap after GC invocations=31 (full 0):
 garbage-first heap   total 242688K, used 73657K [0x0000000089400000, 0x0000000100000000)
  region size 1024K, 8 young (8192K), 8 survivors (8192K)
 Metaspace       used 78455K, committed 79232K, reserved 1179648K
  class space    used 10661K, committed 11008K, reserved 1048576K
}
Event: 17.980 GC heap before
{Heap before GC invocations=31 (full 0):
 garbage-first heap   total 242688K, used 209849K [0x0000000089400000, 0x0000000100000000)
  region size 1024K, 141 young (144384K), 8 survivors (8192K)
 Metaspace       used 78818K, committed 79552K, reserved 1179648K
  class space    used 10671K, committed 11008K, reserved 1048576K
}
Event: 17.994 GC heap after
{Heap after GC invocations=32 (full 0):
 garbage-first heap   total 242688K, used 77640K [0x0000000089400000, 0x0000000100000000)
  region size 1024K, 12 young (12288K), 12 survivors (12288K)
 Metaspace       used 78818K, committed 79552K, reserved 1179648K
  class space    used 10671K, committed 11008K, reserved 1048576K
}

