# JRE version: Java(TM) SE Runtime Environment (21.0.3+7) (build 21.0.3+7-LTS-152)
# Java VM: Java HotSpot(TM) 64-Bit Server VM (21.0.3+7-LTS-152, mixed mode, sharing, tiered, compressed oops, compressed class ptrs, g1 gc, windows-amd64)
GC Precious Log:
 CardTable entry size: 512
 Card Set container configuration: InlinePtr #cards 5 size 8 Array Of Cards #cards 12 size 40 Howl #buckets 4 coarsen threshold 1843 Howl Bitmap #cards 512 size 80 coarsen threshold 460 Card regions per heap region 1 cards per card region 2048
 CPUs: 12 total, 12 available
 Memory: 7599M
 Large Page Support: Disabled
 NUMA Support: Disabled
 Compressed Oops: Enabled (32-bit)
 Heap Region Size: 1M
 Heap Min Capacity: 8M
 Heap Initial Capacity: 120M
 Heap Max Capacity: 1900M
 Pre-touch: Disabled
 Parallel Workers: 10
 Concurrent Workers: 3
 Concurrent Refinement Workers: 10
 Periodic GC: Disabled
Heap:
 garbage-first heap   total 542720K, used 379539K [0x0000000089400000, 0x0000000100000000)
  region size 1024K, 183 young (187392K), 0 survivors (0K)
 Metaspace       used 143142K, committed 144384K, reserved 1179648K
  class space    used 16110K, committed 16704K, reserved 1048576K
GC Heap History (20 events):
Event: 3879.822 GC heap before
{Heap before GC invocations=105 (full 10):
 garbage-first heap   total 297984K, used 261088K [0x0000000089400000, 0x0000000100000000)
  region size 1024K, 109 young (111616K), 0 survivors (0K)
 Metaspace       used 132293K, committed 133440K, reserved 1179648K
  class space    used 15318K, committed 15872K, reserved 1048576K
}
Event: 3879.842 GC heap after
{Heap after GC invocations=106 (full 10):
 garbage-first heap   total 297984K, used 159124K [0x0000000089400000, 0x0000000100000000)
  region size 1024K, 9 young (9216K), 9 survivors (9216K)
 Metaspace       used 132293K, committed 133440K, reserved 1179648K
  class space    used 15318K, committed 15872K, reserved 1048576K
}
Event: 3893.930 GC heap before
{Heap before GC invocations=107 (full 10):
 garbage-first heap   total 297984K, used 265620K [0x0000000089400000, 0x0000000100000000)
  region size 1024K, 113 young (115712K), 9 survivors (9216K)
 Metaspace       used 133618K, committed 134720K, reserved 1179648K
  class space    used 15420K, committed 15936K, reserved 1048576K
}
Event: 3893.951 GC heap after
{Heap after GC invocations=108 (full 10):
 garbage-first heap   total 297984K, used 168251K [0x0000000089400000, 0x0000000100000000)
  region size 1024K, 15 young (15360K), 15 survivors (15360K)
 Metaspace       used 133618K, committed 134720K, reserved 1179648K
  class space    used 15420K, committed 15936K, reserved 1048576K
}
Event: 3896.861 GC heap before
{Heap before GC invocations=108 (full 10):
 garbage-first heap   total 297984K, used 256315K [0x0000000089400000, 0x0000000100000000)
  region size 1024K, 102 young (104448K), 15 survivors (15360K)
 Metaspace       used 134650K, committed 135808K, reserved 1179648K
  class space    used 15477K, committed 16064K, reserved 1048576K
}
Event: 3897.452 GC heap after
{Heap after GC invocations=109 (full 11):
 garbage-first heap   total 297984K, used 161753K [0x0000000089400000, 0x0000000100000000)
  region size 1024K, 0 young (0K), 0 survivors (0K)
 Metaspace       used 134590K, committed 135808K, reserved 1179648K
  class space    used 15468K, committed 16064K, reserved 1048576K
}
Event: 3899.549 GC heap before
{Heap before GC invocations=109 (full 11):
 garbage-first heap   total 297984K, used 266201K [0x0000000089400000, 0x0000000100000000)
  region size 1024K, 102 young (104448K), 0 survivors (0K)
 Metaspace       used 135664K, committed 136832K, reserved 1179648K
  class space    used 15549K, committed 16128K, reserved 1048576K
}
Event: 3899.559 GC heap after
{Heap after GC invocations=110 (full 11):
 garbage-first heap   total 297984K, used 170759K [0x0000000089400000, 0x0000000100000000)
  region size 1024K, 9 young (9216K), 9 survivors (9216K)
 Metaspace       used 135664K, committed 136832K, reserved 1179648K
  class space    used 15549K, committed 16128K, reserved 1048576K
}
Event: 3902.862 GC heap before
{Heap before GC invocations=111 (full 11):
 garbage-first heap   total 302080K, used 269063K [0x0000000089400000, 0x0000000100000000)
  region size 1024K, 105 young (107520K), 9 survivors (9216K)
 Metaspace       used 136514K, committed 137664K, reserved 1179648K
  class space    used 15632K, committed 16192K, reserved 1048576K
}
Event: 3902.880 GC heap after
{Heap after GC invocations=112 (full 11):
 garbage-first heap   total 302080K, used 177421K [0x0000000089400000, 0x0000000100000000)
  region size 1024K, 14 young (14336K), 14 survivors (14336K)
 Metaspace       used 136514K, committed 137664K, reserved 1179648K
  class space    used 15632K, committed 16192K, reserved 1048576K
}
Event: 3904.070 GC heap before
{Heap before GC invocations=112 (full 11):
 garbage-first heap   total 302080K, used 267533K [0x0000000089400000, 0x0000000100000000)
  region size 1024K, 102 young (104448K), 14 survivors (14336K)
 Metaspace       used 137765K, committed 138944K, reserved 1179648K
  class space    used 15705K, committed 16256K, reserved 1048576K
}
Event: 3904.089 GC heap after
{Heap after GC invocations=113 (full 11):
 garbage-first heap   total 302080K, used 186554K [0x0000000089400000, 0x0000000100000000)
  region size 1024K, 9 young (9216K), 9 survivors (9216K)
 Metaspace       used 137765K, committed 138944K, reserved 1179648K
  class space    used 15705K, committed 16256K, reserved 1048576K
}
Event: 3920.199 GC heap before
{Heap before GC invocations=113 (full 11):
 garbage-first heap   total 302080K, used 204986K [0x0000000089400000, 0x0000000100000000)
  region size 1024K, 28 young (28672K), 9 survivors (9216K)
 Metaspace       used 137819K, committed 138944K, reserved 1179648K
  class space    used 15707K, committed 16256K, reserved 1048576K
}
Event: 3920.737 GC heap after
{Heap after GC invocations=114 (full 12):
 garbage-first heap   total 302080K, used 172932K [0x0000000089400000, 0x0000000100000000)
  region size 1024K, 0 young (0K), 0 survivors (0K)
 Metaspace       used 137759K, committed 138944K, reserved 1179648K
  class space    used 15698K, committed 16256K, reserved 1048576K
}
Event: 3928.376 GC heap before
{Heap before GC invocations=114 (full 12):
 garbage-first heap   total 302080K, used 271236K [0x0000000089400000, 0x0000000100000000)
  region size 1024K, 97 young (99328K), 0 survivors (0K)
 Metaspace       used 138794K, committed 139968K, reserved 1179648K
  class space    used 15778K, committed 16320K, reserved 1048576K
}
Event: 3928.399 GC heap after
{Heap after GC invocations=115 (full 12):
 garbage-first heap   total 542720K, used 180351K [0x0000000089400000, 0x0000000100000000)
  region size 1024K, 8 young (8192K), 8 survivors (8192K)
 Metaspace       used 138794K, committed 139968K, reserved 1179648K
  class space    used 15778K, committed 16320K, reserved 1048576K
}
Event: 4053.695 GC heap before
{Heap before GC invocations=116 (full 12):
 garbage-first heap   total 542720K, used 447615K [0x0000000089400000, 0x0000000100000000)
  region size 1024K, 269 young (275456K), 8 survivors (8192K)
 Metaspace       used 141294K, committed 142464K, reserved 1179648K
  class space    used 15955K, committed 16512K, reserved 1048576K
}
Event: 4053.818 GC heap after
{Heap after GC invocations=117 (full 12):
 garbage-first heap   total 542720K, used 196781K [0x0000000089400000, 0x0000000100000000)
  region size 1024K, 24 young (24576K), 24 survivors (24576K)
 Metaspace       used 141294K, committed 142464K, reserved 1179648K
  class space    used 15955K, committed 16512K, reserved 1048576K
}
Event: 4455.771 GC heap before
{Heap before GC invocations=117 (full 12):
 garbage-first heap   total 542720K, used 352429K [0x0000000089400000, 0x0000000100000000)
  region size 1024K, 177 young (181248K), 24 survivors (24576K)
 Metaspace       used 141465K, committed 142656K, reserved 1179648K
  class space    used 15963K, committed 16576K, reserved 1048576K
}
Event: 4456.656 GC heap after
{Heap after GC invocations=118 (full 13):
 garbage-first heap   total 542720K, used 193171K [0x0000000089400000, 0x0000000100000000)
  region size 1024K, 0 young (0K), 0 survivors (0K)
 Metaspace       used 141405K, committed 142656K, reserved 1179648K
  class space    used 15953K, committed 16576K, reserved 1048576K
}

